<?xml version="1.0" encoding="UTF-8"?>
<!-- Generated by org.testng.reporters.JUnitReportReporter -->
<testsuite skipped="0" hostname="DESKTOP-Q4HR9GQ" name="com.class01.Task" tests="2" failures="0" timestamp="2020-05-19T20:09:22 EDT" time="0.007" errors="0">
  <testcase name="test1" time="0.005" classname="com.class01.Task"/>
  <system-out/>
  <testcase name="test2" time="0.002" classname="com.class01.Task"/>
  <system-out/>
</testsuite> <!-- com.class01.Task -->
